  [1m[35m (0.1ms)[0m  [1m[34mSELECT sqlite_version(*)[0m
  ↳ /home/pixy/.rbenv/versions/2.5.1/bin/rake:23
  [1m[35m (15.7ms)[0m  [1m[35mCREATE TABLE "schema_migrations" ("version" varchar NOT NULL PRIMARY KEY)[0m
  ↳ /home/pixy/.rbenv/versions/2.5.1/bin/rake:23
  [1m[35m (15.7ms)[0m  [1m[35mCREATE TABLE "ar_internal_metadata" ("key" varchar NOT NULL PRIMARY KEY, "value" varchar, "created_at" datetime NOT NULL, "updated_at" datetime NOT NULL)[0m
  ↳ /home/pixy/.rbenv/versions/2.5.1/bin/rake:23
  [1m[35m (0.1ms)[0m  [1m[34mSELECT "schema_migrations"."version" FROM "schema_migrations" ORDER BY "schema_migrations"."version" ASC[0m
  ↳ /home/pixy/.rbenv/versions/2.5.1/bin/rake:23
Migrating to CreateUserRoles (20181101103627)
  [1m[35m (0.0ms)[0m  [1m[36mbegin transaction[0m
  ↳ /home/pixy/.rbenv/versions/2.5.1/bin/rake:23
  [1m[35m (0.2ms)[0m  [1m[35mCREATE TABLE "user_roles" ("id" integer PRIMARY KEY AUTOINCREMENT NOT NULL, "role_name" varchar, "slug" varchar, "created_at" datetime NOT NULL, "updated_at" datetime NOT NULL)[0m
  ↳ db/migrate/20181101103627_create_user_roles.rb:3
  [1m[36mActiveRecord::SchemaMigration Create (0.1ms)[0m  [1m[32mINSERT INTO "schema_migrations" ("version") VALUES (?)[0m  [["version", "20181101103627"]]
  ↳ /home/pixy/.rbenv/versions/2.5.1/bin/rake:23
  [1m[35m (16.0ms)[0m  [1m[36mcommit transaction[0m
  ↳ /home/pixy/.rbenv/versions/2.5.1/bin/rake:23
Migrating to DeviseCreateUsers (20181101123438)
  [1m[35m (0.0ms)[0m  [1m[36mbegin transaction[0m
  ↳ /home/pixy/.rbenv/versions/2.5.1/bin/rake:23
  [1m[35m (0.9ms)[0m  [1m[35mCREATE TABLE "users" ("id" integer PRIMARY KEY AUTOINCREMENT NOT NULL, "email" varchar DEFAULT '' NOT NULL, "encrypted_password" varchar DEFAULT '' NOT NULL, "reset_password_token" varchar, "reset_password_sent_at" datetime, "remember_created_at" datetime, "sign_in_count" integer DEFAULT 0 NOT NULL, "current_sign_in_at" datetime, "last_sign_in_at" datetime, "current_sign_in_ip" varchar, "last_sign_in_ip" varchar, "confirmation_token" varchar, "confirmed_at" datetime, "confirmation_sent_at" datetime, "unconfirmed_email" varchar, "failed_attempts" integer DEFAULT 0 NOT NULL, "unlock_token" varchar, "locked_at" datetime, "user_rolres_id" integer, "created_at" datetime NOT NULL, "updated_at" datetime NOT NULL, CONSTRAINT "fk_rails_52028a2eed"
FOREIGN KEY ("user_rolres_id")
  REFERENCES "user_rolres" ("id")
)[0m
  ↳ db/migrate/20181101123438_devise_create_users.rb:5
  [1m[35m (0.2ms)[0m  [1m[35mCREATE  INDEX "index_users_on_user_rolres_id" ON "users" ("user_rolres_id")[0m
  ↳ db/migrate/20181101123438_devise_create_users.rb:5
  [1m[35m (0.2ms)[0m  [1m[35mCREATE UNIQUE INDEX "index_users_on_email" ON "users" ("email")[0m
  ↳ db/migrate/20181101123438_devise_create_users.rb:39
  [1m[35m (0.1ms)[0m  [1m[35mCREATE UNIQUE INDEX "index_users_on_reset_password_token" ON "users" ("reset_password_token")[0m
  ↳ db/migrate/20181101123438_devise_create_users.rb:40
  [1m[36mActiveRecord::SchemaMigration Create (0.1ms)[0m  [1m[32mINSERT INTO "schema_migrations" ("version") VALUES (?)[0m  [["version", "20181101123438"]]
  ↳ /home/pixy/.rbenv/versions/2.5.1/bin/rake:23
  [1m[35m (15.8ms)[0m  [1m[36mcommit transaction[0m
  ↳ /home/pixy/.rbenv/versions/2.5.1/bin/rake:23
  [1m[36mActiveRecord::InternalMetadata Load (0.1ms)[0m  [1m[34mSELECT  "ar_internal_metadata".* FROM "ar_internal_metadata" WHERE "ar_internal_metadata"."key" = ? LIMIT ?[0m  [["key", "environment"], ["LIMIT", 1]]
  ↳ /home/pixy/.rbenv/versions/2.5.1/bin/rake:23
  [1m[35m (0.0ms)[0m  [1m[36mbegin transaction[0m
  ↳ /home/pixy/.rbenv/versions/2.5.1/bin/rake:23
  [1m[36mActiveRecord::InternalMetadata Create (0.2ms)[0m  [1m[32mINSERT INTO "ar_internal_metadata" ("key", "value", "created_at", "updated_at") VALUES (?, ?, ?, ?)[0m  [["key", "environment"], ["value", "development"], ["created_at", "2018-11-01 12:47:58.348609"], ["updated_at", "2018-11-01 12:47:58.348609"]]
  ↳ /home/pixy/.rbenv/versions/2.5.1/bin/rake:23
  [1m[35m (17.4ms)[0m  [1m[36mcommit transaction[0m
  ↳ /home/pixy/.rbenv/versions/2.5.1/bin/rake:23
  [1m[35m (0.1ms)[0m  [1m[34mSELECT "schema_migrations"."version" FROM "schema_migrations" ORDER BY "schema_migrations"."version" ASC[0m
  ↳ /home/pixy/.rbenv/versions/2.5.1/bin/rake:23
  [1m[35m (0.1ms)[0m  [1m[34mSELECT "schema_migrations"."version" FROM "schema_migrations" ORDER BY "schema_migrations"."version" ASC[0m
  ↳ /home/pixy/.rbenv/versions/2.5.1/bin/rake:23
  [1m[35m (0.1ms)[0m  [1m[36mbegin transaction[0m
  [1m[36mUser Exists (0.1ms)[0m  [1m[34mSELECT  1 AS one FROM "users" WHERE "users"."email" = ? LIMIT ?[0m  [["email", "admin@gmail.com"], ["LIMIT", 1]]
  [1m[35m (0.1ms)[0m  [1m[31mrollback transaction[0m
  [1m[35m (0.1ms)[0m  [1m[36mbegin transaction[0m
  [1m[36mUser Exists (0.2ms)[0m  [1m[34mSELECT  1 AS one FROM "users" WHERE "users"."email" = ? LIMIT ?[0m  [["email", "admin@sgmail.com"], ["LIMIT", 1]]
  [1m[35m (0.0ms)[0m  [1m[31mrollback transaction[0m
  [1m[36mUserRole Load (0.5ms)[0m  [1m[34mSELECT  "user_roles".* FROM "user_roles" LIMIT ?[0m  [["LIMIT", 11]]
  [1m[35m (0.0ms)[0m  [1m[36mbegin transaction[0m
  [1m[36mUserRole Create (0.2ms)[0m  [1m[32mINSERT INTO "user_roles" ("role_name", "slug", "created_at", "updated_at") VALUES (?, ?, ?, ?)[0m  [["role_name", "Admin"], ["slug", "admin"], ["created_at", "2018-11-01 13:42:07.926956"], ["updated_at", "2018-11-01 13:42:07.926956"]]
  [1m[35m (22.2ms)[0m  [1m[36mcommit transaction[0m
  [1m[36mUser Load (0.4ms)[0m  [1m[34mSELECT  "users".* FROM "users" LIMIT ?[0m  [["LIMIT", 11]]
  [1m[35m (0.1ms)[0m  [1m[34mSELECT "schema_migrations"."version" FROM "schema_migrations" ORDER BY "schema_migrations"."version" ASC[0m
  ↳ /home/pixy/.rbenv/versions/2.5.1/bin/rake:23
  [1m[35m (0.1ms)[0m  [1m[34mSELECT "ar_internal_metadata"."value" FROM "ar_internal_metadata" WHERE "ar_internal_metadata"."key" = ?[0m  [["key", "environment"]]
  ↳ /home/pixy/.rbenv/versions/2.5.1/bin/rake:23
  [1m[35m (0.0ms)[0m  [1m[34mSELECT "schema_migrations"."version" FROM "schema_migrations" ORDER BY "schema_migrations"."version" ASC[0m
  ↳ /home/pixy/.rbenv/versions/2.5.1/bin/rake:23
  [1m[35m (0.0ms)[0m  [1m[34mSELECT "ar_internal_metadata"."value" FROM "ar_internal_metadata" WHERE "ar_internal_metadata"."key" = ?[0m  [["key", "environment"]]
  ↳ /home/pixy/.rbenv/versions/2.5.1/bin/rake:23
  [1m[35m (0.0ms)[0m  [1m[34mSELECT "schema_migrations"."version" FROM "schema_migrations" ORDER BY "schema_migrations"."version" ASC[0m
  ↳ /home/pixy/.rbenv/versions/2.5.1/bin/rake:23
  [1m[35m (0.0ms)[0m  [1m[34mSELECT "ar_internal_metadata"."value" FROM "ar_internal_metadata" WHERE "ar_internal_metadata"."key" = ?[0m  [["key", "environment"]]
  ↳ /home/pixy/.rbenv/versions/2.5.1/bin/rake:23
  [1m[35m (0.1ms)[0m  [1m[34mSELECT sqlite_version(*)[0m
  ↳ /home/pixy/.rbenv/versions/2.5.1/bin/rake:23
  [1m[35m (17.9ms)[0m  [1m[35mCREATE TABLE "schema_migrations" ("version" varchar NOT NULL PRIMARY KEY)[0m
  ↳ /home/pixy/.rbenv/versions/2.5.1/bin/rake:23
  [1m[35m (9.1ms)[0m  [1m[35mCREATE TABLE "ar_internal_metadata" ("key" varchar NOT NULL PRIMARY KEY, "value" varchar, "created_at" datetime NOT NULL, "updated_at" datetime NOT NULL)[0m
  ↳ /home/pixy/.rbenv/versions/2.5.1/bin/rake:23
  [1m[35m (0.1ms)[0m  [1m[34mSELECT "schema_migrations"."version" FROM "schema_migrations" ORDER BY "schema_migrations"."version" ASC[0m
  ↳ /home/pixy/.rbenv/versions/2.5.1/bin/rake:23
Migrating to CreateUserRoles (20181101103627)
  [1m[35m (0.0ms)[0m  [1m[36mbegin transaction[0m
  ↳ /home/pixy/.rbenv/versions/2.5.1/bin/rake:23
  [1m[35m (0.3ms)[0m  [1m[35mCREATE TABLE "user_roles" ("id" integer PRIMARY KEY AUTOINCREMENT NOT NULL, "role_name" varchar, "slug" varchar, "created_at" datetime NOT NULL, "updated_at" datetime NOT NULL)[0m
  ↳ db/migrate/20181101103627_create_user_roles.rb:3
  [1m[36mActiveRecord::SchemaMigration Create (0.1ms)[0m  [1m[32mINSERT INTO "schema_migrations" ("version") VALUES (?)[0m  [["version", "20181101103627"]]
  ↳ /home/pixy/.rbenv/versions/2.5.1/bin/rake:23
  [1m[35m (14.7ms)[0m  [1m[36mcommit transaction[0m
  ↳ /home/pixy/.rbenv/versions/2.5.1/bin/rake:23
Migrating to DeviseCreateUsers (20181101123438)
  [1m[35m (0.1ms)[0m  [1m[36mbegin transaction[0m
  ↳ /home/pixy/.rbenv/versions/2.5.1/bin/rake:23
  [1m[35m (0.3ms)[0m  [1m[35mCREATE TABLE "users" ("id" integer PRIMARY KEY AUTOINCREMENT NOT NULL, "email" varchar DEFAULT '' NOT NULL, "encrypted_password" varchar DEFAULT '' NOT NULL, "reset_password_token" varchar, "reset_password_sent_at" datetime, "remember_created_at" datetime, "sign_in_count" integer DEFAULT 0 NOT NULL, "current_sign_in_at" datetime, "last_sign_in_at" datetime, "current_sign_in_ip" varchar, "last_sign_in_ip" varchar, "confirmation_token" varchar, "confirmed_at" datetime, "confirmation_sent_at" datetime, "unconfirmed_email" varchar, "failed_attempts" integer DEFAULT 0 NOT NULL, "unlock_token" varchar, "locked_at" datetime, "user_rolre_id" integer, "created_at" datetime NOT NULL, "updated_at" datetime NOT NULL, CONSTRAINT "fk_rails_6a81eef9fc"
FOREIGN KEY ("user_rolre_id")
  REFERENCES "user_rolres" ("id")
)[0m
  ↳ db/migrate/20181101123438_devise_create_users.rb:5
  [1m[35m (0.1ms)[0m  [1m[35mCREATE  INDEX "index_users_on_user_rolre_id" ON "users" ("user_rolre_id")[0m
  ↳ db/migrate/20181101123438_devise_create_users.rb:5
  [1m[35m (0.1ms)[0m  [1m[35mCREATE UNIQUE INDEX "index_users_on_email" ON "users" ("email")[0m
  ↳ db/migrate/20181101123438_devise_create_users.rb:39
  [1m[35m (0.1ms)[0m  [1m[35mCREATE UNIQUE INDEX "index_users_on_reset_password_token" ON "users" ("reset_password_token")[0m
  ↳ db/migrate/20181101123438_devise_create_users.rb:40
  [1m[36mActiveRecord::SchemaMigration Create (0.1ms)[0m  [1m[32mINSERT INTO "schema_migrations" ("version") VALUES (?)[0m  [["version", "20181101123438"]]
  ↳ /home/pixy/.rbenv/versions/2.5.1/bin/rake:23
  [1m[35m (16.1ms)[0m  [1m[36mcommit transaction[0m
  ↳ /home/pixy/.rbenv/versions/2.5.1/bin/rake:23
  [1m[36mActiveRecord::InternalMetadata Load (0.2ms)[0m  [1m[34mSELECT  "ar_internal_metadata".* FROM "ar_internal_metadata" WHERE "ar_internal_metadata"."key" = ? LIMIT ?[0m  [["key", "environment"], ["LIMIT", 1]]
  ↳ /home/pixy/.rbenv/versions/2.5.1/bin/rake:23
  [1m[35m (0.0ms)[0m  [1m[36mbegin transaction[0m
  ↳ /home/pixy/.rbenv/versions/2.5.1/bin/rake:23
  [1m[36mActiveRecord::InternalMetadata Create (0.2ms)[0m  [1m[32mINSERT INTO "ar_internal_metadata" ("key", "value", "created_at", "updated_at") VALUES (?, ?, ?, ?)[0m  [["key", "environment"], ["value", "development"], ["created_at", "2018-11-01 13:43:41.777735"], ["updated_at", "2018-11-01 13:43:41.777735"]]
  ↳ /home/pixy/.rbenv/versions/2.5.1/bin/rake:23
  [1m[35m (13.3ms)[0m  [1m[36mcommit transaction[0m
  ↳ /home/pixy/.rbenv/versions/2.5.1/bin/rake:23
  [1m[35m (0.1ms)[0m  [1m[34mSELECT "schema_migrations"."version" FROM "schema_migrations" ORDER BY "schema_migrations"."version" ASC[0m
  ↳ /home/pixy/.rbenv/versions/2.5.1/bin/rake:23
  [1m[35m (0.1ms)[0m  [1m[34mSELECT "schema_migrations"."version" FROM "schema_migrations" ORDER BY "schema_migrations"."version" ASC[0m
  ↳ /home/pixy/.rbenv/versions/2.5.1/bin/rake:23
  [1m[35m (0.1ms)[0m  [1m[34mSELECT "schema_migrations"."version" FROM "schema_migrations" ORDER BY "schema_migrations"."version" ASC[0m
  ↳ /home/pixy/.rbenv/versions/2.5.1/bin/rake:23
  [1m[35m (0.0ms)[0m  [1m[36mbegin transaction[0m
  ↳ db/seeds.rb:10
  [1m[36mUserRole Create (0.2ms)[0m  [1m[32mINSERT INTO "user_roles" ("role_name", "slug", "created_at", "updated_at") VALUES (?, ?, ?, ?)[0m  [["role_name", "Admin"], ["slug", "admin"], ["created_at", "2018-11-01 13:44:01.524528"], ["updated_at", "2018-11-01 13:44:01.524528"]]
  ↳ db/seeds.rb:10
  [1m[35m (18.3ms)[0m  [1m[36mcommit transaction[0m
  ↳ db/seeds.rb:10
  [1m[35m (0.0ms)[0m  [1m[36mbegin transaction[0m
  ↳ db/seeds.rb:10
  [1m[36mUserRole Create (0.2ms)[0m  [1m[32mINSERT INTO "user_roles" ("role_name", "slug", "created_at", "updated_at") VALUES (?, ?, ?, ?)[0m  [["role_name", "User"], ["slug", "user"], ["created_at", "2018-11-01 13:44:01.544445"], ["updated_at", "2018-11-01 13:44:01.544445"]]
  ↳ db/seeds.rb:10
  [1m[35m (20.0ms)[0m  [1m[36mcommit transaction[0m
  ↳ db/seeds.rb:10
  [1m[35m (0.1ms)[0m  [1m[34mSELECT "schema_migrations"."version" FROM "schema_migrations" ORDER BY "schema_migrations"."version" ASC[0m
  ↳ /home/pixy/.rbenv/versions/2.5.1/bin/rake:23
  [1m[35m (0.1ms)[0m  [1m[34mSELECT "ar_internal_metadata"."value" FROM "ar_internal_metadata" WHERE "ar_internal_metadata"."key" = ?[0m  [["key", "environment"]]
  ↳ /home/pixy/.rbenv/versions/2.5.1/bin/rake:23
  [1m[35m (0.0ms)[0m  [1m[34mSELECT "schema_migrations"."version" FROM "schema_migrations" ORDER BY "schema_migrations"."version" ASC[0m
  ↳ /home/pixy/.rbenv/versions/2.5.1/bin/rake:23
  [1m[35m (0.0ms)[0m  [1m[34mSELECT "ar_internal_metadata"."value" FROM "ar_internal_metadata" WHERE "ar_internal_metadata"."key" = ?[0m  [["key", "environment"]]
  ↳ /home/pixy/.rbenv/versions/2.5.1/bin/rake:23
  [1m[35m (0.0ms)[0m  [1m[34mSELECT "schema_migrations"."version" FROM "schema_migrations" ORDER BY "schema_migrations"."version" ASC[0m
  ↳ /home/pixy/.rbenv/versions/2.5.1/bin/rake:23
  [1m[35m (0.0ms)[0m  [1m[34mSELECT "ar_internal_metadata"."value" FROM "ar_internal_metadata" WHERE "ar_internal_metadata"."key" = ?[0m  [["key", "environment"]]
  ↳ /home/pixy/.rbenv/versions/2.5.1/bin/rake:23
  [1m[35m (0.1ms)[0m  [1m[34mSELECT sqlite_version(*)[0m
  ↳ /home/pixy/.rbenv/versions/2.5.1/bin/rake:23
  [1m[35m (17.0ms)[0m  [1m[35mCREATE TABLE "schema_migrations" ("version" varchar NOT NULL PRIMARY KEY)[0m
  ↳ /home/pixy/.rbenv/versions/2.5.1/bin/rake:23
  [1m[35m (15.6ms)[0m  [1m[35mCREATE TABLE "ar_internal_metadata" ("key" varchar NOT NULL PRIMARY KEY, "value" varchar, "created_at" datetime NOT NULL, "updated_at" datetime NOT NULL)[0m
  ↳ /home/pixy/.rbenv/versions/2.5.1/bin/rake:23
  [1m[35m (0.1ms)[0m  [1m[34mSELECT "schema_migrations"."version" FROM "schema_migrations" ORDER BY "schema_migrations"."version" ASC[0m
  ↳ /home/pixy/.rbenv/versions/2.5.1/bin/rake:23
Migrating to CreateUserRoles (20181101103627)
  [1m[35m (0.0ms)[0m  [1m[36mbegin transaction[0m
  ↳ /home/pixy/.rbenv/versions/2.5.1/bin/rake:23
  [1m[35m (0.3ms)[0m  [1m[35mCREATE TABLE "user_roles" ("id" integer PRIMARY KEY AUTOINCREMENT NOT NULL, "role_name" varchar, "slug" varchar, "created_at" datetime NOT NULL, "updated_at" datetime NOT NULL)[0m
  ↳ db/migrate/20181101103627_create_user_roles.rb:3
  [1m[36mActiveRecord::SchemaMigration Create (0.2ms)[0m  [1m[32mINSERT INTO "schema_migrations" ("version") VALUES (?)[0m  [["version", "20181101103627"]]
  ↳ /home/pixy/.rbenv/versions/2.5.1/bin/rake:23
  [1m[35m (15.5ms)[0m  [1m[36mcommit transaction[0m
  ↳ /home/pixy/.rbenv/versions/2.5.1/bin/rake:23
Migrating to DeviseCreateUsers (20181101123438)
  [1m[35m (0.1ms)[0m  [1m[36mbegin transaction[0m
  ↳ /home/pixy/.rbenv/versions/2.5.1/bin/rake:23
  [1m[35m (0.3ms)[0m  [1m[35mCREATE TABLE "users" ("id" integer PRIMARY KEY AUTOINCREMENT NOT NULL, "email" varchar DEFAULT '' NOT NULL, "encrypted_password" varchar DEFAULT '' NOT NULL, "reset_password_token" varchar, "reset_password_sent_at" datetime, "remember_created_at" datetime, "sign_in_count" integer DEFAULT 0 NOT NULL, "current_sign_in_at" datetime, "last_sign_in_at" datetime, "current_sign_in_ip" varchar, "last_sign_in_ip" varchar, "confirmation_token" varchar, "confirmed_at" datetime, "confirmation_sent_at" datetime, "unconfirmed_email" varchar, "failed_attempts" integer DEFAULT 0 NOT NULL, "unlock_token" varchar, "locked_at" datetime, "user_role_id" integer, "created_at" datetime NOT NULL, "updated_at" datetime NOT NULL, CONSTRAINT "fk_rails_fa83e8f093"
FOREIGN KEY ("user_role_id")
  REFERENCES "user_roles" ("id")
)[0m
  ↳ db/migrate/20181101123438_devise_create_users.rb:5
  [1m[35m (0.2ms)[0m  [1m[35mCREATE  INDEX "index_users_on_user_role_id" ON "users" ("user_role_id")[0m
  ↳ db/migrate/20181101123438_devise_create_users.rb:5
  [1m[35m (0.1ms)[0m  [1m[35mCREATE UNIQUE INDEX "index_users_on_email" ON "users" ("email")[0m
  ↳ db/migrate/20181101123438_devise_create_users.rb:39
  [1m[35m (0.1ms)[0m  [1m[35mCREATE UNIQUE INDEX "index_users_on_reset_password_token" ON "users" ("reset_password_token")[0m
  ↳ db/migrate/20181101123438_devise_create_users.rb:40
  [1m[36mActiveRecord::SchemaMigration Create (0.1ms)[0m  [1m[32mINSERT INTO "schema_migrations" ("version") VALUES (?)[0m  [["version", "20181101123438"]]
  ↳ /home/pixy/.rbenv/versions/2.5.1/bin/rake:23
  [1m[35m (22.3ms)[0m  [1m[36mcommit transaction[0m
  ↳ /home/pixy/.rbenv/versions/2.5.1/bin/rake:23
  [1m[36mActiveRecord::InternalMetadata Load (0.1ms)[0m  [1m[34mSELECT  "ar_internal_metadata".* FROM "ar_internal_metadata" WHERE "ar_internal_metadata"."key" = ? LIMIT ?[0m  [["key", "environment"], ["LIMIT", 1]]
  ↳ /home/pixy/.rbenv/versions/2.5.1/bin/rake:23
  [1m[35m (0.0ms)[0m  [1m[36mbegin transaction[0m
  ↳ /home/pixy/.rbenv/versions/2.5.1/bin/rake:23
  [1m[36mActiveRecord::InternalMetadata Create (0.2ms)[0m  [1m[32mINSERT INTO "ar_internal_metadata" ("key", "value", "created_at", "updated_at") VALUES (?, ?, ?, ?)[0m  [["key", "environment"], ["value", "development"], ["created_at", "2018-11-01 13:45:20.561109"], ["updated_at", "2018-11-01 13:45:20.561109"]]
  ↳ /home/pixy/.rbenv/versions/2.5.1/bin/rake:23
  [1m[35m (26.4ms)[0m  [1m[36mcommit transaction[0m
  ↳ /home/pixy/.rbenv/versions/2.5.1/bin/rake:23
  [1m[35m (0.1ms)[0m  [1m[34mSELECT "schema_migrations"."version" FROM "schema_migrations" ORDER BY "schema_migrations"."version" ASC[0m
  ↳ /home/pixy/.rbenv/versions/2.5.1/bin/rake:23
  [1m[35m (0.1ms)[0m  [1m[34mSELECT "schema_migrations"."version" FROM "schema_migrations" ORDER BY "schema_migrations"."version" ASC[0m
  ↳ /home/pixy/.rbenv/versions/2.5.1/bin/rake:23
  [1m[35m (0.0ms)[0m  [1m[36mbegin transaction[0m
  ↳ db/seeds.rb:10
  [1m[36mUserRole Create (0.2ms)[0m  [1m[32mINSERT INTO "user_roles" ("role_name", "slug", "created_at", "updated_at") VALUES (?, ?, ?, ?)[0m  [["role_name", "Admin"], ["slug", "admin"], ["created_at", "2018-11-01 13:45:23.163949"], ["updated_at", "2018-11-01 13:45:23.163949"]]
  ↳ db/seeds.rb:10
  [1m[35m (9.2ms)[0m  [1m[36mcommit transaction[0m
  ↳ db/seeds.rb:10
  [1m[35m (0.0ms)[0m  [1m[36mbegin transaction[0m
  ↳ db/seeds.rb:10
  [1m[36mUserRole Create (0.2ms)[0m  [1m[32mINSERT INTO "user_roles" ("role_name", "slug", "created_at", "updated_at") VALUES (?, ?, ?, ?)[0m  [["role_name", "User"], ["slug", "user"], ["created_at", "2018-11-01 13:45:23.174666"], ["updated_at", "2018-11-01 13:45:23.174666"]]
  ↳ db/seeds.rb:10
  [1m[35m (7.4ms)[0m  [1m[36mcommit transaction[0m
  ↳ db/seeds.rb:10
  [1m[35m (0.1ms)[0m  [1m[36mbegin transaction[0m
  [1m[36mUser Exists (0.1ms)[0m  [1m[34mSELECT  1 AS one FROM "users" WHERE "users"."email" = ? LIMIT ?[0m  [["email", "srimal@gmail.com"], ["LIMIT", 1]]
  [1m[36mUserRole Load (0.2ms)[0m  [1m[34mSELECT  "user_roles".* FROM "user_roles" WHERE "user_roles"."id" = ? LIMIT ?[0m  [["id", 1], ["LIMIT", 1]]
  [1m[36mUser Create (0.4ms)[0m  [1m[32mINSERT INTO "users" ("email", "encrypted_password", "user_role_id", "created_at", "updated_at") VALUES (?, ?, ?, ?, ?)[0m  [["email", "srimal@gmail.com"], ["encrypted_password", "$2a$11$7JOVejIHw74wei5XNdGA9O8jbC3kfpqIr4lvc1Xxgs6W2rOsWlJya"], ["user_role_id", 1], ["created_at", "2018-11-01 13:45:51.606537"], ["updated_at", "2018-11-01 13:45:51.606537"]]
  [1m[35m (13.9ms)[0m  [1m[36mcommit transaction[0m
